[INFO] Scanning for projects...
[INFO] 
[INFO] ------------------------------------------------------------------------
[INFO] Building WildflyMavenPlugin 0.0.1-SNAPSHOT
[INFO] ------------------------------------------------------------------------
[INFO] 
[INFO] --- maven-clean-plugin:2.5:clean (default-clean) @ WildflyMavenPlugin ---
[INFO] Deleting /home/baptiste/eclipse-workspace/WildflyMavenPlugin/target
[INFO] 
[INFO] --- maven-resources-plugin:2.6:resources (default-resources) @ WildflyMavenPlugin ---
[INFO] Using 'UTF-8' encoding to copy filtered resources.
[INFO] Copying 0 resource
[INFO] 
[INFO] --- maven-compiler-plugin:3.1:compile (default-compile) @ WildflyMavenPlugin ---
[INFO] Changes detected - recompiling the module!
[INFO] Compiling 3 source files to /home/baptiste/eclipse-workspace/WildflyMavenPlugin/target/classes
[INFO] 
[INFO] --- maven-resources-plugin:2.6:testResources (default-testResources) @ WildflyMavenPlugin ---
[INFO] Using 'UTF-8' encoding to copy filtered resources.
[INFO] Copying 0 resource
[INFO] 
[INFO] --- maven-compiler-plugin:3.1:testCompile (default-testCompile) @ WildflyMavenPlugin ---
[INFO] Changes detected - recompiling the module!
[INFO] Compiling 1 source file to /home/baptiste/eclipse-workspace/WildflyMavenPlugin/target/test-classes
[INFO] 
[INFO] --- maven-surefire-plugin:2.12.4:test (default-test) @ WildflyMavenPlugin ---
[INFO] 
[INFO] --- maven-war-plugin:2.2:war (default-war) @ WildflyMavenPlugin ---
[INFO] Packaging webapp
[INFO] Assembling webapp [WildflyMavenPlugin] in [/home/baptiste/eclipse-workspace/WildflyMavenPlugin/target/WildflyMavenPlugin-0.0.1-SNAPSHOT]
[INFO] Processing war project
[INFO] Webapp assembled in [25 msecs]
[INFO] Building war: /home/baptiste/eclipse-workspace/WildflyMavenPlugin/target/WildflyMavenPlugin-0.0.1-SNAPSHOT.war
[INFO] 
[INFO] --- wildfly-maven-plugin:1.2.1.Final:start (start-wildfly) @ WildflyMavenPlugin ---
[INFO] JAVA_HOME=/home/baptiste/Resources/Jdk/jdk1.8.0_152/jre
[INFO] JBOSS_HOME=/home/baptiste/eclipse-workspace/WildflyMavenPlugin/target/wildfly-run/wildfly-8.2.1.Final

[INFO] STANDALONE server is starting up.
Listening for transport dt_socket at address: 5005
[0m20:18:11,207 INFO  [org.jboss.modules] (main) JBoss Modules version 1.3.3.Final
[0m[0m20:18:11,318 INFO  [org.jboss.msc] (main) JBoss MSC version 1.2.2.Final
[0m[0m20:18:11,365 INFO  [org.jboss.as] (MSC service thread 1-7) JBAS015899: WildFly 8.2.1.Final "Tweek" starting
[0m[0m20:18:12,151 INFO  [org.jboss.as.server] (Controller Boot Thread) JBAS015888: Creating http management service using socket-binding (management-http)
[0m[0m20:18:12,166 INFO  [org.xnio] (MSC service thread 1-7) XNIO version 3.3.0.Final
[0m[0m20:18:12,181 INFO  [org.xnio.nio] (MSC service thread 1-7) XNIO NIO Implementation Version 3.3.0.Final
[0m[0m20:18:12,233 INFO  [org.jboss.as.connector.subsystems.datasources] (ServerService Thread Pool -- 27) JBAS010403: Deploying JDBC-compliant driver class org.h2.Driver (version 1.3)
[0m[0m20:18:12,234 INFO  [org.jboss.as.clustering.infinispan] (ServerService Thread Pool -- 32) JBAS010280: Activating Infinispan subsystem.
[0m[0m20:18:12,219 INFO  [org.wildfly.extension.io] (ServerService Thread Pool -- 31) WFLYIO001: Worker 'default' has auto-configured to 8 core threads with 64 task threads based on your 4 available processors
[0m[0m20:18:12,257 INFO  [org.jboss.as.connector.logging] (MSC service thread 1-8) JBAS010408: Starting JCA Subsystem (IronJacamar 1.1.9.Final)
[0m[0m20:18:12,260 INFO  [org.jboss.as.connector.deployers.jdbc] (MSC service thread 1-5) JBAS010417: Started Driver service with driver-name = h2
[0m[0m20:18:12,276 INFO  [org.jboss.remoting] (MSC service thread 1-7) JBoss Remoting version 4.0.7.Final
[0m[0m20:18:12,298 INFO  [org.jboss.as.naming] (ServerService Thread Pool -- 40) JBAS011800: Activating Naming Subsystem
[0m[0m20:18:12,324 INFO  [org.jboss.as.jsf] (ServerService Thread Pool -- 38) JBAS012615: Activated the following JSF Implementations: [main]
[0m[0m20:18:12,330 INFO  [org.jboss.as.security] (ServerService Thread Pool -- 45) JBAS013171: Activating Security Subsystem
[0m[33m20:18:12,334 WARN  [org.jboss.as.txn] (ServerService Thread Pool -- 46) JBAS010153: Node identifier property is set to the default value. Please make sure it is unique.
[0m[0m20:18:12,350 INFO  [org.jboss.as.security] (MSC service thread 1-8) JBAS013170: Current PicketBox version=4.0.21.Final
[0m[0m20:18:12,375 INFO  [org.jboss.as.webservices] (ServerService Thread Pool -- 48) JBAS015537: Activating WebServices Extension
[0m[0m20:18:12,391 INFO  [org.wildfly.extension.undertow] (MSC service thread 1-1) JBAS017502: Undertow 1.1.8.Final starting
[0m[0m20:18:12,398 INFO  [org.wildfly.extension.undertow] (ServerService Thread Pool -- 47) JBAS017502: Undertow 1.1.8.Final starting
[0m[0m20:18:12,456 INFO  [org.jboss.as.naming] (MSC service thread 1-4) JBAS011802: Starting Naming Service
[0m[0m20:18:12,457 INFO  [org.jboss.as.mail.extension] (MSC service thread 1-4) JBAS015400: Bound mail session [java:jboss/mail/Default]
[0m[0m20:18:12,748 INFO  [org.wildfly.extension.undertow] (ServerService Thread Pool -- 47) JBAS017527: Creating file handler for path /home/baptiste/eclipse-workspace/WildflyMavenPlugin/target/wildfly-run/wildfly-8.2.1.Final/welcome-content
[0m[0m20:18:12,752 INFO  [org.wildfly.extension.undertow] (MSC service thread 1-1) JBAS017525: Started server default-server.
[0m[0m20:18:12,772 INFO  [org.wildfly.extension.undertow] (MSC service thread 1-3) JBAS017531: Host default-host starting
[0m[0m20:18:12,855 INFO  [org.wildfly.extension.undertow] (MSC service thread 1-1) JBAS017519: Undertow HTTP listener default listening on /127.0.0.1:8080
[0m[0m20:18:12,934 INFO  [org.jboss.as.server.deployment.scanner] (MSC service thread 1-1) JBAS015012: Started FileSystemDeploymentService for directory /home/baptiste/eclipse-workspace/WildflyMavenPlugin/target/wildfly-run/wildfly-8.2.1.Final/standalone/deployments
[0m[0m20:18:13,031 INFO  [org.jboss.as.connector.subsystems.datasources] (MSC service thread 1-6) JBAS010400: Bound data source [java:jboss/datasources/ExampleDS]
[0m[0m20:18:13,150 INFO  [org.jboss.ws.common.management] (MSC service thread 1-8) JBWS022052: Starting JBoss Web Services - Stack CXF Server 4.3.2.Final
[0m[0m20:18:13,198 INFO  [org.jboss.as] (Controller Boot Thread) JBAS015961: Http management interface listening on http://127.0.0.1:9990/management
[0m[0m20:18:13,198 INFO  [org.jboss.as] (Controller Boot Thread) JBAS015951: Admin console listening on http://127.0.0.1:9990
[0m[0m20:18:13,199 INFO  [org.jboss.as] (Controller Boot Thread) JBAS015874: WildFly 8.2.1.Final "Tweek" started in 2254ms - Started 184 of 234 services (82 services are lazy, passive or on-demand)
[0m[INFO] 
[INFO] >>> wildfly-maven-plugin:1.2.1.Final:deploy (start-wildfly) > package @ WildflyMavenPlugin >>>
[INFO] 
[INFO] --- maven-resources-plugin:2.6:resources (default-resources) @ WildflyMavenPlugin ---
[INFO] Using 'UTF-8' encoding to copy filtered resources.
[INFO] Copying 0 resource
[INFO] 
[INFO] --- maven-compiler-plugin:3.1:compile (default-compile) @ WildflyMavenPlugin ---
[INFO] Nothing to compile - all classes are up to date
[INFO] 
[INFO] --- maven-resources-plugin:2.6:testResources (default-testResources) @ WildflyMavenPlugin ---
[INFO] Using 'UTF-8' encoding to copy filtered resources.
[INFO] Copying 0 resource
[INFO] 
[INFO] --- maven-compiler-plugin:3.1:testCompile (default-testCompile) @ WildflyMavenPlugin ---
[INFO] Nothing to compile - all classes are up to date
[INFO] 
[INFO] --- maven-surefire-plugin:2.12.4:test (default-test) @ WildflyMavenPlugin ---
[INFO] Skipping execution of surefire because it has already been run for this configuration
[INFO] 
[INFO] --- maven-war-plugin:2.2:war (default-war) @ WildflyMavenPlugin ---
[INFO] Packaging webapp
[INFO] Assembling webapp [WildflyMavenPlugin] in [/home/baptiste/eclipse-workspace/WildflyMavenPlugin/target/WildflyMavenPlugin-0.0.1-SNAPSHOT]
[INFO] Processing war project
[INFO] Webapp assembled in [6 msecs]
[INFO] Building war: /home/baptiste/eclipse-workspace/WildflyMavenPlugin/target/WildflyMavenPlugin-0.0.1-SNAPSHOT.war
[INFO] 
[INFO] <<< wildfly-maven-plugin:1.2.1.Final:deploy (start-wildfly) < package @ WildflyMavenPlugin <<<
[INFO] 
[INFO] 
[INFO] --- wildfly-maven-plugin:1.2.1.Final:deploy (start-wildfly) @ WildflyMavenPlugin ---
Warning! The CLI is running in a non-modular environment and cannot load commands from management extensions.
{"outcome" => "success"}
{
    "outcome" => "success",
    "response-headers" => {
        "operation-requires-reload" => true,
        "process-state" => "reload-required"
    }
}
[0m20:18:14,226 INFO  [org.jboss.as.repository] (management-handler-thread - 4) JBAS014900: Content added at location /home/baptiste/eclipse-workspace/WildflyMavenPlugin/target/wildfly-run/wildfly-8.2.1.Final/standalone/data/content/44/d13e57cd949c6af0c55b359edde653dee2ef83/content
[0m[0m20:18:14,238 INFO  [org.jboss.as.server.deployment] (MSC service thread 1-3) JBAS015876: Starting deployment of "WildflyMavenPlugin-0.0.1-SNAPSHOT.war" (runtime-name: "WildflyMavenPlugin-0.0.1-SNAPSHOT.war")
[0m[33m20:18:14,642 WARN  [org.jboss.weld.deployer] (MSC service thread 1-1) JBAS016012: Deployment deployment "WildflyMavenPlugin-0.0.1-SNAPSHOT.war" contains CDI annotations but no bean archive was found (no beans.xml or class with bean defining annotations).
[0m[0m20:18:15,016 INFO  [org.jboss.resteasy.spi.ResteasyDeployment] (MSC service thread 1-8) Deploying javax.ws.rs.core.Application: class org.javaee7.test.wildfly.maven.plugin.jaxrs.MyApplication
[0m[0m20:18:15,052 INFO  [org.hibernate.validator.internal.util.Version] (MSC service thread 1-8) HV000001: Hibernate Validator 5.1.3.Final
[0m[0m20:18:15,087 INFO  [org.wildfly.extension.undertow] (MSC service thread 1-8) JBAS017534: Registered web context: /WildflyMavenPlugin-0.0.1-SNAPSHOT
[0m[0m20:18:15,103 INFO  [org.jboss.as.server] (management-handler-thread - 4) JBAS018559: Deployed "WildflyMavenPlugin-0.0.1-SNAPSHOT.war" (runtime-name : "WildflyMavenPlugin-0.0.1-SNAPSHOT.war")
[0m[INFO] 
[INFO] --- maven-failsafe-plugin:2.21.0:integration-test (run-integration-test) @ WildflyMavenPlugin ---
[INFO] 
[INFO] -------------------------------------------------------
[INFO]  T E S T S
[INFO] -------------------------------------------------------
[INFO] Running org.javaee7.test.wildfly.maven.plugin.jaxrs.integration.FruitsClientIT
[0m20:18:16,053 INFO  [stdout] (default task-1) POST
[0m[0m20:18:16,090 INFO  [stdout] (default task-2) GET
[0m1[Banana]
2Banana
[INFO] Tests run: 1, Failures: 0, Errors: 0, Skipped: 0, Time elapsed: 0.544 s - in org.javaee7.test.wildfly.maven.plugin.jaxrs.integration.FruitsClientIT
[INFO] 
[INFO] Results:
[INFO] 
[INFO] Tests run: 1, Failures: 0, Errors: 0, Skipped: 0
[INFO] 
[INFO] 
[INFO] --- wildfly-maven-plugin:1.2.1.Final:shutdown (stop-wildfly) @ WildflyMavenPlugin ---
[0m20:18:16,514 INFO  [org.wildfly.extension.undertow] (MSC service thread 1-1) JBAS017535: Unregistered web context: /WildflyMavenPlugin-0.0.1-SNAPSHOT
[0m[0m20:18:16,528 INFO  [org.wildfly.extension.undertow] (MSC service thread 1-4) JBAS017532: Host default-host stopping
[0m[0m20:18:16,530 INFO  [org.jboss.as.connector.subsystems.datasources] (MSC service thread 1-8) JBAS010409: Unbound data source [java:jboss/datasources/ExampleDS]
[0m[0m20:18:16,532 INFO  [org.jboss.as.connector.deployers.jdbc] (MSC service thread 1-7) JBAS010418: Stopped Driver service with driver-name = h2
[0m[0m20:18:16,533 INFO  [org.wildfly.extension.undertow] (MSC service thread 1-5) JBAS017521: Undertow HTTP listener default suspending
[0m[0m20:18:16,534 INFO  [org.wildfly.extension.undertow] (MSC service thread 1-5) JBAS017520: Undertow HTTP listener default stopped, was bound to /127.0.0.1:8080
[0m[0m20:18:16,534 INFO  [org.wildfly.extension.undertow] (MSC service thread 1-2) JBAS017506: Undertow 1.1.8.Final stopping
[0m[0m20:18:16,540 INFO  [org.jboss.as.server.deployment] (MSC service thread 1-6) JBAS015877: Stopped deployment WildflyMavenPlugin-0.0.1-SNAPSHOT.war (runtime-name: WildflyMavenPlugin-0.0.1-SNAPSHOT.war) in 31ms
[0m[0m20:18:16,553 INFO  [org.jboss.as] (MSC service thread 1-1) JBAS015950: WildFly 8.2.1.Final "Tweek" stopped in 43ms
[0m[INFO] ------------------------------------------------------------------------
[INFO] BUILD SUCCESS
[INFO] ------------------------------------------------------------------------
[INFO] Total time: 8.914 s
[INFO] Finished at: 2018-06-03T20:18:17+02:00
[INFO] Final Memory: 31M/442M
[INFO] ------------------------------------------------------------------------
